<?xml version="1.0" encoding="UTF-8"?>
<!-- Generated by org.testng.reporters.JUnitXMLReporter -->
<testsuite ignored="0" hostname="k8s-workernode" failures="1" tests="1" name="Test" time="3.48" errors="0" timestamp="2024-01-08T14:49:08 IST">
  <testcase classname="testCases.TC_01" name="logiTest" time="0.01">
    <failure type="java.lang.NullPointerException" message="Cannot invoke &amp;quot;org.apache.log4j.Logger.info(Object)&amp;quot; because &amp;quot;testCases.TC_01.logger&amp;quot; is null">
      <![CDATA[java.lang.NullPointerException: Cannot invoke "org.apache.log4j.Logger.info(Object)" because "testCases.TC_01.logger" is null
at testCases.TC_01.logiTest(TC_01.java:11)
at java.base/java.util.ArrayList.forEach(ArrayList.java:1511)
... Removed 27 stack frames]]>
    </failure>
  </testcase> <!-- logiTest -->
</testsuite> <!-- Test -->
